# JRE version: OpenJDK Runtime Environment (8.0_242-b01) (build 1.8.0_242-release-1644-b01)
# Java VM: OpenJDK 64-Bit Server VM (25.242-b01 mixed mode windows-amd64 compressed oops)
Heap:
 PSYoungGen      total 652288K, used 143842K [0x00000000d5580000, 0x00000000ffb80000, 0x0000000100000000)
  eden space 615424K, 20% used [0x00000000d5580000,0x00000000dd2885f8,0x00000000fae80000)
  from space 36864K, 42% used [0x00000000fd780000,0x00000000fe6f0260,0x00000000ffb80000)
  to   space 39424K, 0% used [0x00000000fae80000,0x00000000fae80000,0x00000000fd500000)
 ParOldGen       total 337920K, used 144760K [0x0000000080000000, 0x0000000094a00000, 0x00000000d5580000)
  object space 337920K, 42% used [0x0000000080000000,0x0000000088d5e010,0x0000000094a00000)
 Metaspace       used 109773K, capacity 116110K, committed 116172K, reserved 1150976K
  class space    used 14384K, capacity 15602K, committed 15616K, reserved 1048576K
GC Heap History (10 events):
Event: 153.230 GC heap before
{Heap before GC invocations=28 (full 4):
 PSYoungGen      total 595456K, used 557376K [0x00000000d5580000, 0x0000000100000000, 0x0000000100000000)
  eden space 550912K, 100% used [0x00000000d5580000,0x00000000f6f80000,0x00000000f6f80000)
  from space 44544K, 14% used [0x00000000f6f80000,0x00000000f75d0010,0x00000000f9b00000)
  to   space 44544K, 0% used [0x00000000fd480000,0x00000000fd480000,0x0000000100000000)
 ParOldGen       total 337920K, used 130264K [0x0000000080000000, 0x0000000094a00000, 0x00000000d5580000)
  object space 337920K, 38% used [0x0000000080000000,0x0000000087f36128,0x0000000094a00000)
 Metaspace       used 100574K, capacity 106316K, committed 106572K, reserved 1140736K
  class space    used 13298K, capacity 14410K, committed 14464K, reserved 1048576K
Event: 153.251 GC heap after
Heap after GC invocations=28 (full 4):
 PSYoungGen      total 653312K, used 6592K [0x00000000d5580000, 0x00000000fff00000, 0x0000000100000000)
  eden space 609792K, 0% used [0x00000000d5580000,0x00000000d5580000,0x00000000fa900000)
  from space 43520K, 15% used [0x00000000fd480000,0x00000000fdaf0010,0x00000000fff00000)
  to   space 44032K, 0% used [0x00000000fa900000,0x00000000fa900000,0x00000000fd400000)
 ParOldGen       total 337920K, used 135809K [0x0000000080000000, 0x0000000094a00000, 0x00000000d5580000)
  object space 337920K, 40% used [0x0000000080000000,0x00000000884a04c0,0x0000000094a00000)
 Metaspace       used 100574K, capacity 106316K, committed 106572K, reserved 1140736K
  class space    used 13298K, capacity 14410K, committed 14464K, reserved 1048576K
}
Event: 154.792 GC heap before
{Heap before GC invocations=29 (full 4):
 PSYoungGen      total 653312K, used 616384K [0x00000000d5580000, 0x00000000fff00000, 0x0000000100000000)
  eden space 609792K, 100% used [0x00000000d5580000,0x00000000fa900000,0x00000000fa900000)
  from space 43520K, 15% used [0x00000000fd480000,0x00000000fdaf0010,0x00000000fff00000)
  to   space 44032K, 0% used [0x00000000fa900000,0x00000000fa900000,0x00000000fd400000)
 ParOldGen       total 337920K, used 135809K [0x0000000080000000, 0x0000000094a00000, 0x00000000d5580000)
  object space 337920K, 40% used [0x0000000080000000,0x00000000884a04c0,0x0000000094a00000)
 Metaspace       used 100611K, capacity 106316K, committed 106572K, reserved 1140736K
  class space    used 13299K, capacity 14410K, committed 14464K, reserved 1048576K
Event: 154.807 GC heap after
Heap after GC invocations=29 (full 4):
 PSYoungGen      total 653824K, used 6358K [0x00000000d5580000, 0x00000000fff80000, 0x0000000100000000)
  eden space 609792K, 0% used [0x00000000d5580000,0x00000000d5580000,0x00000000fa900000)
  from space 44032K, 14% used [0x00000000fa900000,0x00000000faf35908,0x00000000fd400000)
  to   space 43520K, 0% used [0x00000000fd500000,0x00000000fd500000,0x00000000fff80000)
 ParOldGen       total 337920K, used 140465K [0x0000000080000000, 0x0000000094a00000, 0x00000000d5580000)
  object space 337920K, 41% used [0x0000000080000000,0x000000008892c738,0x0000000094a00000)
 Metaspace       used 100611K, capacity 106316K, committed 106572K, reserved 1140736K
  class space    used 13299K, capacity 14410K, committed 14464K, reserved 1048576K
}
Event: 156.291 GC heap before
{Heap before GC invocations=30 (full 4):
 PSYoungGen      total 653824K, used 616150K [0x00000000d5580000, 0x00000000fff80000, 0x0000000100000000)
  eden space 609792K, 100% used [0x00000000d5580000,0x00000000fa900000,0x00000000fa900000)
  from space 44032K, 14% used [0x00000000fa900000,0x00000000faf35908,0x00000000fd400000)
  to   space 43520K, 0% used [0x00000000fd500000,0x00000000fd500000,0x00000000fff80000)
 ParOldGen       total 337920K, used 140465K [0x0000000080000000, 0x0000000094a00000, 0x00000000d5580000)
  object space 337920K, 41% used [0x0000000080000000,0x000000008892c738,0x0000000094a00000)
 Metaspace       used 100688K, capacity 106418K, committed 106572K, reserved 1140736K
  class space    used 13301K, capacity 14413K, committed 14464K, reserved 1048576K
Event: 156.302 GC heap after
Heap after GC invocations=30 (full 4):
 PSYoungGen      total 651776K, used 9037K [0x00000000d5580000, 0x00000000ffc80000, 0x0000000100000000)
  eden space 611328K, 0% used [0x00000000d5580000,0x00000000d5580000,0x00000000faa80000)
  from space 40448K, 22% used [0x00000000fd500000,0x00000000fddd3528,0x00000000ffc80000)
  to   space 41984K, 0% used [0x00000000faa80000,0x00000000faa80000,0x00000000fd380000)
 ParOldGen       total 337920K, used 144752K [0x0000000080000000, 0x0000000094a00000, 0x00000000d5580000)
  object space 337920K, 42% used [0x0000000080000000,0x0000000088d5c010,0x0000000094a00000)
 Metaspace       used 100688K, capacity 106418K, committed 106572K, reserved 1140736K
  class space    used 13301K, capacity 14413K, committed 14464K, reserved 1048576K
}
Event: 157.762 GC heap before
{Heap before GC invocations=31 (full 4):
 PSYoungGen      total 651776K, used 620365K [0x00000000d5580000, 0x00000000ffc80000, 0x0000000100000000)
  eden space 611328K, 100% used [0x00000000d5580000,0x00000000faa80000,0x00000000faa80000)
  from space 40448K, 22% used [0x00000000fd500000,0x00000000fddd3528,0x00000000ffc80000)
  to   space 41984K, 0% used [0x00000000faa80000,0x00000000faa80000,0x00000000fd380000)
 ParOldGen       total 337920K, used 144752K [0x0000000080000000, 0x0000000094a00000, 0x00000000d5580000)
  object space 337920K, 42% used [0x0000000080000000,0x0000000088d5c010,0x0000000094a00000)
 Metaspace       used 101021K, capacity 106812K, committed 107084K, reserved 1142784K
  class space    used 13338K, capacity 14452K, committed 14464K, reserved 1048576K
Event: 157.774 GC heap after
Heap after GC invocations=31 (full 4):
 PSYoungGen      total 653312K, used 21925K [0x00000000d5580000, 0x0000000100000000, 0x0000000100000000)
  eden space 611328K, 0% used [0x00000000d5580000,0x00000000d5580000,0x00000000faa80000)
  from space 41984K, 52% used [0x00000000faa80000,0x00000000fbfe9510,0x00000000fd380000)
  to   space 41472K, 0% used [0x00000000fd780000,0x00000000fd780000,0x0000000100000000)
 ParOldGen       total 337920K, used 144752K [0x0000000080000000, 0x0000000094a00000, 0x00000000d5580000)
  object space 337920K, 42% used [0x0000000080000000,0x0000000088d5c010,0x0000000094a00000)
 Metaspace       used 101021K, capacity 106812K, committed 107084K, reserved 1142784K
  class space    used 13338K, capacity 14452K, committed 14464K, reserved 1048576K
}
Event: 170.335 GC heap before
{Heap before GC invocations=32 (full 4):
 PSYoungGen      total 653312K, used 633253K [0x00000000d5580000, 0x0000000100000000, 0x0000000100000000)
  eden space 611328K, 100% used [0x00000000d5580000,0x00000000faa80000,0x00000000faa80000)
  from space 41984K, 52% used [0x00000000faa80000,0x00000000fbfe9510,0x00000000fd380000)
  to   space 41472K, 0% used [0x00000000fd780000,0x00000000fd780000,0x0000000100000000)
 ParOldGen       total 337920K, used 144752K [0x0000000080000000, 0x0000000094a00000, 0x00000000d5580000)
  object space 337920K, 42% used [0x0000000080000000,0x0000000088d5c010,0x0000000094a00000)
 Metaspace       used 108389K, capacity 114572K, committed 114764K, reserved 1148928K
  class space    used 14200K, capacity 15433K, committed 15488K, reserved 1048576K
Event: 170.359 GC heap after
Heap after GC invocations=32 (full 4):
 PSYoungGen      total 652288K, used 15808K [0x00000000d5580000, 0x00000000ffb80000, 0x0000000100000000)
  eden space 615424K, 0% used [0x00000000d5580000,0x00000000d5580000,0x00000000fae80000)
  from space 36864K, 42% used [0x00000000fd780000,0x00000000fe6f0260,0x00000000ffb80000)
  to   space 39424K, 0% used [0x00000000fae80000,0x00000000fae80000,0x00000000fd500000)
 ParOldGen       total 337920K, used 144760K [0x0000000080000000, 0x0000000094a00000, 0x00000000d5580000)
  object space 337920K, 42% used [0x0000000080000000,0x0000000088d5e010,0x0000000094a00000)
 Metaspace       used 108389K, capacity 114572K, committed 114764K, reserved 1148928K
  class space    used 14200K, capacity 15433K, committed 15488K, reserved 1048576K
}

